EinsteinAI_Settings__c setting = new EinsteinAI_Settings__c(Einstein_Email__c='dvansanten+einstein@salesforce.com');
insert setting;
public String key = '';
key = key + '-----BEGIN RSA PRIVATE KEY-----\n';
key = key + 'MIIEpAIBAAKCAQEA9gUlFW2KKyqO33Q+LcnibE2MNJQJoXJjAk65+qIbNWzd5LZi\n';
key = key + 'eQX8R0ibxx5MeWHOI42w0gcEpTaCbT+qJevSv7zH2A1VfE48kQTc63ms05YRwGw+\n';
key = key + 'gCnmg3QZjyKuqtOHhNVNcvdRo9MsAPF5ShnFn5yufctjEy538iFrSmYJ+DT4Rkaf\n';
key = key + 't+wI9cdjFGEW7rxr1B22VeEACcn0yW4Z9nvAWnyQmXp9pxW972IPmaCJAv1K1Sc5\n';
key = key + '4PGSNtQJB5Q7zNfI2XzzmvuxpBRdqslmQq2qZNG+iVNnIobP7Ftxc+51x4bI7gfr\n';
key = key + 'bP+rMFieC+hZppn239nHiM1JPmak+bwZw1Ik9QIDAQABAoIBAQClLfsiEfPs25wl\n';
key = key + 'x8RftebCVKbIPoTg0w5K5FTWRLUD/95Ty2j+XNhve/6riFpMPTDMijuoKHIkAx86\n';
key = key + '/r3czCMp/TQoiXtWBKmBrMQvjfhN77pnecXVA0z0AaWPhvfDVlbtBtIDWK6F0ij/\n';
key = key + 'USHgcMFRUz+M0lvo6xA5j9qbjzsuXAE99hDQjr4im/sU7NAjfkT4QlcDJtRtPZwN\n';
key = key + '3KQ/S8Hf9hLtdAN/gscjUVttyxr8oPZNHzXNR9SkV8TV/sDjEeaWaOoSYlwfMH8v\n';
key = key + 'b7PgQyJwaWE4AkJ1Pwh/pgnsKTYfy3LhFa9e34KXmKoPrPxp5qnNSXIRCqfxi/+y\n';
key = key + 'WVdeeulZAoGBAPviPT2ptxpxy6k4toPhZOfcMErzAqTMLMUlLv9Q1/PILhHVva2l\n';
key = key + '2qMjFDKP5gzt8AOPBxbiD0/o2a6s9vYUhloPWq653zEZI0UI1yBSac96MArxFi4l\n';
key = key + '7xjFvXz2VKAnnM1sBAPsPcV8tZ/va77npOwMYRYNs0Czva/eMo7Or4SrAoGBAPoK\n';
key = key + 'X/vpml5uyzTU+e+u5y4ymWy0Oi1fLuTlZDjFxypMv3ZaydnLFnWsYlmL30XNd/BO\n';
key = key + 'pVOkZ9yzEVOtJlNhqVT0yzH/mzmdAjXZvyY7KLdfJ2k7zp8MJxf69Mu3ri8TOkQK\n';
key = key + '5VuLPHXr4332vuG1LUSz90uAZ0cnI5eHuKJ5ALzfAoGAeTN4wmYavDfLhubKNBVN\n';
key = key + 'x5+VAUuDlybD2C03OxV8hEprmJtfxOHMnbkwa9AAI3KOjjfRcnpeYdYqgLmrr+da\n';
key = key + 'apV+zhqUQfzVks9ZLK1bSsGBwpIVWSlZrnLf5fRl7haBhfsWx4hyhMeoYYgEMX0n\n';
key = key + 'R4oBYWpAOb8DZE+nxj3ACTcCgYBi9NIx76zhbLXNbfCQtEbYGLxxsg5IQKBdhI+a\n';
key = key + 'jGObUQ6BN8MlB+QWpCe0StANXxj1qRpzNODKDrBvzloZq9AJSGxWmFOFhKcISuoE\n';
key = key + 'pmshz23YjwviFDwwmGhja4lrJg/sN+e3yC4geT/qbUn0J/EHfLYFUocNOOc0JEml\n';
key = key + 'O4BYPwKBgQCw0RUoXxdgVIYQFbpPLPxvjMxfERqcUOzI/bqJlyZHcHAoNUO2Jk86\n';
key = key + '82S5FuWNJuWoTdLqlGx1FJxG/whOSTSfGNH35GshSwK3XdLH7DFtySMmmTQ/fnqA\n';
key = key + 'lOx8tXcYnao7RhHxnZFr7o3d5PpskApFF8ECtfws6LidkBfj7kq3Mg==\n';
key = key + '-----END RSA PRIVATE KEY-----\n';
ContentVersion cont = new ContentVersion();
cont.Title = 'einstein_platform';
cont.PathOnClient = 'einstein_platform.pem';
cont.VersionData = Blob.valueOf(key);
insert cont;
